<?xml version="1.0" encoding="UTF-8"?>
<!-- Generated by org.testng.reporters.JUnitXMLReporter -->
<testsuite hostname="DESKTOP-F290SUV" ignored="0" name="Default test" tests="3" failures="0" timestamp="07 Feb 2023 06:42:02 GMT" time="62.166" errors="0">
  <testcase name="SubmitOrderTest" time="3.116" classname="SeleniumFramework.SeleniumFramework.SubmitOrderTest"/>
  <testcase name="SubmitOrderTest" time="3.021" classname="SeleniumFramework.SeleniumFramework.SubmitOrderTest"/>
  <testcase name="OrderHistoryTest" time="0.695" classname="SeleniumFramework.SeleniumFramework.SubmitOrderTest"/>
</testsuite> <!-- Default test -->
