<?xml version="1.0" encoding="UTF-8"?>
<!-- Generated by org.testng.reporters.JUnitXMLReporter -->
<testsuite hostname="DESKTOP-F290SUV" ignored="0" name="Error Validation Test" tests="2" failures="0" timestamp="08 Feb 2023 11:22:24 GMT" time="36.613" errors="0">
  <testcase name="LoginErrorValidation" time="1.16" classname="SeleniumFramework.SeleniumFramework.ErrorValidationsTest"/>
  <testcase name="ProductErrorValidation" time="5.072" classname="SeleniumFramework.SeleniumFramework.ErrorValidationsTest"/>
</testsuite> <!-- Error Validation Test -->
