<?xml version="1.0" encoding="UTF-8"?>
<!-- Generated by org.testng.reporters.JUnitXMLReporter -->
<testsuite hostname="DESKTOP-F290SUV" ignored="2" tests="0" failures="0" timestamp="07 Feb 2023 06:39:21 GMT" time="0.005" errors="0">
  <testcase name="ProductErrorValidation" time="0.0" classname="SeleniumFramework.SeleniumFramework.ErrorValidationsTest">
    <ignored/>
  </testcase> <!-- ProductErrorValidation -->
  <testcase name="LoginErrorValidation" time="0.0" classname="SeleniumFramework.SeleniumFramework.ErrorValidationsTest">
    <ignored/>
  </testcase> <!-- LoginErrorValidation -->
</testsuite>
