<?xml version="1.0" encoding="UTF-8"?>
<!-- Generated by org.testng.reporters.JUnitXMLReporter -->
<testsuite hostname="DESKTOP-F290SUV" ignored="0" name="Command line test" tests="5" failures="0" timestamp="08 Feb 2023 11:36:25 GMT" time="35.518" errors="0">
  <testcase name="SubmitOrderTest" time="3.79" classname="SeleniumFramework.SeleniumFramework.SubmitOrderTest"/>
  <testcase name="SubmitOrderTest" time="4.067" classname="SeleniumFramework.SeleniumFramework.SubmitOrderTest"/>
  <testcase name="LoginErrorValidation" time="0.487" classname="SeleniumFramework.SeleniumFramework.ErrorValidationsTest"/>
  <testcase name="ProductErrorValidation" time="2.371" classname="SeleniumFramework.SeleniumFramework.ErrorValidationsTest"/>
  <testcase name="OrderHistoryTest" time="0.744" classname="SeleniumFramework.SeleniumFramework.SubmitOrderTest"/>
</testsuite> <!-- Command line test -->
