<?xml version="1.0" encoding="UTF-8"?>
<!-- Generated by org.testng.reporters.JUnitXMLReporter -->
<testsuite hostname="DESKTOP-F290SUV" ignored="0" name="Error Validation Test" tests="2" failures="0" timestamp="08 Feb 2023 16:55:42 GMT" time="15.633" errors="0">
  <testcase name="LoginErrorValidation" time="0.783" classname="SeleniumFramework.SeleniumFramework.ErrorValidationsTest"/>
  <testcase name="ProductErrorValidation" time="2.291" classname="SeleniumFramework.SeleniumFramework.ErrorValidationsTest"/>
</testsuite> <!-- Error Validation Test -->
