<?xml version="1.0" encoding="UTF-8"?>
<!-- Generated by org.testng.reporters.JUnitXMLReporter -->
<testsuite hostname="DESKTOP-F290SUV" ignored="0" name="Submit Order Test" tests="3" failures="0" timestamp="08 Feb 2023 16:55:54 GMT" time="27.863" errors="0">
  <testcase name="SubmitOrderTest" time="5.054" classname="SeleniumFramework.SeleniumFramework.SubmitOrderTest"/>
  <testcase name="SubmitOrderTest" time="3.822" classname="SeleniumFramework.SeleniumFramework.SubmitOrderTest"/>
  <testcase name="OrderHistoryTest" time="0.801" classname="SeleniumFramework.SeleniumFramework.SubmitOrderTest"/>
</testsuite> <!-- Submit Order Test -->
